{
  "RSpec": {
    "coverage": {
      "/Users/MargaretThatcher/code/sequentializer/lib/sequentializer.rb": [
        1,
        1
      ],
      "/Users/MargaretThatcher/code/sequentializer/lib/sequentializer/game.rb": [
        1,
        null,
        1,
        1,
        null,
        1,
        4,
        null,
        null,
        1,
        4,
        4,
        4,
        null,
        null,
        1,
        3,
        null,
        3,
        1,
        1,
        null,
        null,
        2,
        2,
        null,
        2,
        null,
        null,
        1,
        null,
        1,
        2,
        1,
        null,
        null,
        null,
        null,
        null
      ],
      "/Users/MargaretThatcher/code/sequentializer/lib/sequentializer/marker.rb": [
        1,
        1,
        1,
        20,
        null,
        null,
        1,
        15,
        15,
        15,
        null,
        15,
        60,
        21,
        null,
        19,
        null,
        null,
        null,
        15,
        null,
        null,
        1,
        41,
        null,
        null,
        1,
        63,
        null,
        null,
        null,
        null
      ],
      "/Users/MargaretThatcher/code/sequentializer/spec/sequentializer/marker_spec.rb": [
        1,
        null,
        1,
        null,
        1,
        6,
        null,
        1,
        1,
        2,
        null,
        1,
        1,
        null,
        null,
        null,
        1,
        2,
        null,
        1,
        1,
        null,
        null,
        null,
        null,
        1,
        1,
        2,
        2,
        null,
        1,
        1,
        null,
        null,
        null,
        1,
        2,
        2,
        null,
        1,
        1,
        null,
        null,
        null,
        1,
        2,
        2,
        null,
        1,
        1,
        null,
        null,
        null,
        null,
        1,
        1,
        15,
        null,
        15,
        null,
        1,
        1,
        1,
        null,
        null,
        null,
        1,
        1,
        1,
        1,
        null,
        null,
        null,
        1,
        1,
        1,
        null,
        null,
        null,
        null,
        1,
        1,
        1,
        1,
        null,
        null,
        null,
        1,
        1,
        1,
        null,
        null,
        null,
        1,
        1,
        1,
        null,
        null,
        null,
        null,
        1,
        1,
        1,
        1,
        null,
        null,
        null,
        1,
        1,
        1,
        null,
        null,
        null,
        1,
        1,
        1,
        null,
        null,
        null,
        1,
        1,
        1,
        null,
        null,
        null,
        null,
        1,
        1,
        1,
        1,
        null,
        null,
        null,
        1,
        1,
        1,
        null,
        null,
        null,
        1,
        1,
        1,
        null,
        null,
        null,
        1,
        1,
        1,
        null,
        null,
        null,
        null,
        null,
        null,
        null,
        null,
        null,
        null,
        null,
        null,
        null,
        null,
        null
      ]
    },
    "timestamp": 1364658158
  },
  "Cucumber Features": {
    "coverage": {
      "/Users/MargaretThatcher/code/sequentializer/lib/sequentializer.rb": [
        1,
        1
      ],
      "/Users/MargaretThatcher/code/sequentializer/lib/sequentializer/game.rb": [
        1,
        null,
        1,
        1,
        null,
        1,
        15,
        null,
        null,
        1,
        15,
        15,
        15,
        null,
        null,
        1,
        14,
        null,
        14,
        0,
        0,
        null,
        null,
        14,
        14,
        null,
        14,
        null,
        null,
        1,
        null,
        1,
        14,
        1,
        null,
        null,
        null,
        null,
        null
      ],
      "/Users/MargaretThatcher/code/sequentializer/lib/sequentializer/marker.rb": [
        1,
        1,
        1,
        14,
        null,
        null,
        1,
        14,
        14,
        14,
        null,
        14,
        56,
        17,
        null,
        19,
        null,
        null,
        null,
        14,
        null,
        null,
        1,
        39,
        null,
        null,
        1,
        56,
        null,
        null,
        null,
        null
      ],
      "/Users/MargaretThatcher/code/sequentializer/features/support/step_helpers.rb": [
        1,
        14,
        14,
        null
      ],
      "/Users/MargaretThatcher/code/sequentializer/features/step_definitions/game_steps.rb": [
        1,
        null,
        null,
        null,
        1,
        1,
        1,
        null,
        null,
        1,
        1,
        null,
        null,
        1,
        1,
        null,
        null,
        null,
        1,
        null,
        1,
        1,
        61,
        null,
        null,
        1,
        45,
        null,
        null,
        null,
        1,
        31,
        null
      ],
      "/Users/MargaretThatcher/code/sequentializer/features/step_definitions/submit_guess_steps.rb": [
        1,
        14,
        null,
        null,
        1,
        14,
        null,
        null,
        1,
        14,
        null
      ]
    },
    "timestamp": 1364656367
  }
}
